time=2026-02-16T14:59:21.058-07:00 level=INFO msg="Daemon started (interval: %v, auto-commit: %v, auto-push: %v)" !BADKEY=5s !BADKEY=false !BADKEY=false
time=2026-02-16T14:59:21.060-07:00 level=INFO msg="using database" path=/Users/cullenbottock/Documents/Projects/VeraScore/.beads/beads.db
time=2026-02-16T14:59:21.120-07:00 level=INFO msg="database opened" path=/Users/cullenbottock/Documents/Projects/VeraScore/.beads/beads.db backend=sqlite freshness_checking=true
time=2026-02-16T14:59:21.121-07:00 level=INFO msg="upgrading .beads/.gitignore"
time=2026-02-16T14:59:21.121-07:00 level=WARN msg="failed to upgrade .gitignore" error="open .beads/.gitignore: no such file or directory"
time=2026-02-16T14:59:21.141-07:00 level=INFO msg="Repository fingerprint validated: %s" !BADKEY=cb61bb7e
time=2026-02-16T14:59:21.142-07:00 level=INFO msg="starting RPC server" socket=/Users/cullenbottock/Documents/Projects/VeraScore/.beads/bd.sock
time=2026-02-16T14:59:21.143-07:00 level=INFO msg="RPC server ready (socket listening)"
time=2026-02-16T14:59:21.149-07:00 level=INFO msg="registered in global registry"
time=2026-02-16T14:59:21.149-07:00 level=INFO msg="Starting %s..." !BADKEY="sync cycle"
time=2026-02-16T14:59:21.150-07:00 level=INFO msg="Exported to JSONL"
time=2026-02-16T14:59:21.988-07:00 level=INFO msg="Pulled from remote"
time=2026-02-16T14:59:22.015-07:00 level=INFO msg="Imported from JSONL"
time=2026-02-16T14:59:22.043-07:00 level=INFO msg="Sync cycle complete"
time=2026-02-16T14:59:22.043-07:00 level=INFO msg="monitoring parent process" pid=0
time=2026-02-16T14:59:22.043-07:00 level=INFO msg="using event-driven mode"
time=2026-02-16T14:59:22.044-07:00 level=INFO msg="Auto-pull disabled: use 'git pull' manually to sync remote changes"
time=2026-02-16T14:59:22.044-07:00 level=INFO msg="Mutation detected: %s %s" create=VeraScore-ba3
time=2026-02-16T14:59:22.545-07:00 level=INFO msg="Export triggered by mutation events"
time=2026-02-16T14:59:22.545-07:00 level=INFO msg="Starting %s..." !BADKEY=export
time=2026-02-16T14:59:22.546-07:00 level=INFO msg="Pre-export validation failed: %v" !BADKEY="refusing to export: JSONL content has changed since last import (import first to avoid data loss)"
time=2026-02-16T14:59:24.150-07:00 level=INFO msg="Mutation detected: %s %s" create=VeraScore-sk1
time=2026-02-16T14:59:24.650-07:00 level=INFO msg="Export triggered by mutation events"
time=2026-02-16T14:59:24.650-07:00 level=INFO msg="Starting %s..." !BADKEY=export
time=2026-02-16T14:59:24.651-07:00 level=INFO msg="Pre-export validation failed: %v" !BADKEY="refusing to export: JSONL content has changed since last import (import first to avoid data loss)"
time=2026-02-16T14:59:27.720-07:00 level=INFO msg="Mutation detected: %s %s" create=VeraScore-lz0
time=2026-02-16T14:59:28.221-07:00 level=INFO msg="Export triggered by mutation events"
time=2026-02-16T14:59:28.221-07:00 level=INFO msg="Starting %s..." !BADKEY=export
time=2026-02-16T14:59:28.222-07:00 level=INFO msg="Pre-export validation failed: %v" !BADKEY="refusing to export: JSONL content has changed since last import (import first to avoid data loss)"
time=2026-02-16T14:59:30.354-07:00 level=INFO msg="Mutation detected: %s %s" create=VeraScore-ru8
time=2026-02-16T14:59:30.855-07:00 level=INFO msg="Export triggered by mutation events"
time=2026-02-16T14:59:30.856-07:00 level=INFO msg="Starting %s..." !BADKEY=export
time=2026-02-16T14:59:30.856-07:00 level=INFO msg="Pre-export validation failed: %v" !BADKEY="refusing to export: JSONL content has changed since last import (import first to avoid data loss)"
time=2026-02-16T14:59:33.484-07:00 level=INFO msg="Mutation detected: %s %s" create=VeraScore-ajn
time=2026-02-16T14:59:33.984-07:00 level=INFO msg="Export triggered by mutation events"
time=2026-02-16T14:59:33.985-07:00 level=INFO msg="Starting %s..." !BADKEY=export
time=2026-02-16T14:59:33.985-07:00 level=INFO msg="Pre-export validation failed: %v" !BADKEY="refusing to export: JSONL content has changed since last import (import first to avoid data loss)"
time=2026-02-16T14:59:36.226-07:00 level=INFO msg="Mutation detected: %s %s" create=VeraScore-dxn
time=2026-02-16T14:59:36.727-07:00 level=INFO msg="Export triggered by mutation events"
time=2026-02-16T14:59:36.728-07:00 level=INFO msg="Starting %s..." !BADKEY=export
time=2026-02-16T14:59:36.728-07:00 level=INFO msg="Pre-export validation failed: %v" !BADKEY="refusing to export: JSONL content has changed since last import (import first to avoid data loss)"
time=2026-02-16T14:59:42.095-07:00 level=INFO msg="Mutation detected: %s %s" create=VeraScore-kmk
time=2026-02-16T14:59:42.596-07:00 level=INFO msg="Export triggered by mutation events"
time=2026-02-16T14:59:42.596-07:00 level=INFO msg="Starting %s..." !BADKEY=export
time=2026-02-16T14:59:42.597-07:00 level=INFO msg="Pre-export validation failed: %v" !BADKEY="refusing to export: JSONL content has changed since last import (import first to avoid data loss)"
time=2026-02-16T14:59:54.890-07:00 level=INFO msg="Mutation detected: %s %s" update=VeraScore-sk1
time=2026-02-16T14:59:55.393-07:00 level=INFO msg="Export triggered by mutation events"
time=2026-02-16T14:59:55.393-07:00 level=INFO msg="Starting %s..." !BADKEY=export
time=2026-02-16T14:59:55.394-07:00 level=INFO msg="Pre-export validation failed: %v" !BADKEY="refusing to export: JSONL content has changed since last import (import first to avoid data loss)"
time=2026-02-16T14:59:57.792-07:00 level=INFO msg="Mutation detected: %s %s" update=VeraScore-lz0
time=2026-02-16T14:59:58.293-07:00 level=INFO msg="Export triggered by mutation events"
time=2026-02-16T14:59:58.293-07:00 level=INFO msg="Starting %s..." !BADKEY=export
time=2026-02-16T14:59:58.294-07:00 level=INFO msg="Pre-export validation failed: %v" !BADKEY="refusing to export: JSONL content has changed since last import (import first to avoid data loss)"
time=2026-02-16T15:00:00.184-07:00 level=INFO msg="Mutation detected: %s %s" update=VeraScore-ru8
time=2026-02-16T15:00:00.685-07:00 level=INFO msg="Export triggered by mutation events"
time=2026-02-16T15:00:00.686-07:00 level=INFO msg="Starting %s..." !BADKEY=export
time=2026-02-16T15:00:00.686-07:00 level=INFO msg="Pre-export validation failed: %v" !BADKEY="refusing to export: JSONL content has changed since last import (import first to avoid data loss)"
time=2026-02-16T15:00:02.905-07:00 level=INFO msg="Mutation detected: %s %s" update=VeraScore-ajn
time=2026-02-16T15:00:03.407-07:00 level=INFO msg="Export triggered by mutation events"
time=2026-02-16T15:00:03.407-07:00 level=INFO msg="Starting %s..." !BADKEY=export
time=2026-02-16T15:00:03.408-07:00 level=INFO msg="Pre-export validation failed: %v" !BADKEY="refusing to export: JSONL content has changed since last import (import first to avoid data loss)"
time=2026-02-16T15:00:04.878-07:00 level=INFO msg="Mutation detected: %s %s" update=VeraScore-dxn
time=2026-02-16T15:00:05.379-07:00 level=INFO msg="Export triggered by mutation events"
time=2026-02-16T15:00:05.379-07:00 level=INFO msg="Starting %s..." !BADKEY=export
time=2026-02-16T15:00:05.380-07:00 level=INFO msg="Pre-export validation failed: %v" !BADKEY="refusing to export: JSONL content has changed since last import (import first to avoid data loss)"
time=2026-02-16T15:00:06.871-07:00 level=INFO msg="Mutation detected: %s %s" update=VeraScore-kmk
time=2026-02-16T15:00:07.372-07:00 level=INFO msg="Export triggered by mutation events"
time=2026-02-16T15:00:07.373-07:00 level=INFO msg="Starting %s..." !BADKEY=export
time=2026-02-16T15:00:07.373-07:00 level=INFO msg="Pre-export validation failed: %v" !BADKEY="refusing to export: JSONL content has changed since last import (import first to avoid data loss)"
time=2026-02-16T15:23:40.269-07:00 level=INFO msg="JSONL removed/renamed, re-establishing watch"
time=2026-02-16T15:23:40.321-07:00 level=INFO msg="Successfully re-established JSONL watch after %v" !BADKEY=50ms
time=2026-02-16T15:23:40.322-07:00 level=INFO msg="JSONL file created: %s" !BADKEY=/Users/cullenbottock/Documents/Projects/VeraScore/.beads/issues.jsonl
time=2026-02-16T15:23:40.675-07:00 level=INFO msg="Git ref change detected: %s" !BADKEY=/Users/cullenbottock/Documents/Projects/VeraScore/.git/refs/heads/main.lock
time=2026-02-16T15:23:41.677-07:00 level=INFO msg="Import triggered by file change"
time=2026-02-16T15:23:41.678-07:00 level=INFO msg="Starting %s..." !BADKEY=auto-import
time=2026-02-16T15:23:41.695-07:00 level=INFO msg="Skipping %s: JSONL content unchanged" !BADKEY=auto-import
time=2026-02-16T15:33:54.919-07:00 level=INFO msg="JSONL removed/renamed, re-establishing watch"
time=2026-02-16T15:33:54.970-07:00 level=INFO msg="Successfully re-established JSONL watch after %v" !BADKEY=50ms
time=2026-02-16T15:33:54.971-07:00 level=INFO msg="JSONL file created: %s" !BADKEY=/Users/cullenbottock/Documents/Projects/VeraScore/.beads/issues.jsonl
time=2026-02-16T15:33:55.975-07:00 level=INFO msg="Import triggered by file change"
time=2026-02-16T15:33:55.977-07:00 level=INFO msg="Starting %s..." !BADKEY=auto-import
time=2026-02-16T15:33:55.978-07:00 level=INFO msg="Skipping %s: JSONL content unchanged" !BADKEY=auto-import
time=2026-02-16T15:33:58.489-07:00 level=INFO msg="JSONL removed/renamed, re-establishing watch"
time=2026-02-16T15:33:58.540-07:00 level=INFO msg="Successfully re-established JSONL watch after %v" !BADKEY=50ms
time=2026-02-16T15:33:58.541-07:00 level=INFO msg="JSONL file created: %s" !BADKEY=/Users/cullenbottock/Documents/Projects/VeraScore/.beads/issues.jsonl
time=2026-02-16T15:33:59.542-07:00 level=INFO msg="Import triggered by file change"
time=2026-02-16T15:33:59.542-07:00 level=INFO msg="Starting %s..." !BADKEY=auto-import
time=2026-02-16T15:33:59.547-07:00 level=INFO msg="Skipping %s: JSONL content unchanged" !BADKEY=auto-import
time=2026-02-21T15:12:12.429-07:00 level=INFO msg="JSONL removed/renamed, re-establishing watch"
time=2026-02-21T15:12:12.481-07:00 level=INFO msg="Successfully re-established JSONL watch after %v" !BADKEY=50ms
time=2026-02-21T15:12:12.484-07:00 level=INFO msg="JSONL file created: %s" !BADKEY=/Users/cullenbottock/Documents/Projects/VeraScore/.beads/issues.jsonl
time=2026-02-21T15:12:12.555-07:00 level=INFO msg="Git ref change detected: %s" !BADKEY=/Users/cullenbottock/Documents/Projects/VeraScore/.git/refs/heads/main.lock
time=2026-02-21T15:12:13.557-07:00 level=INFO msg="Import triggered by file change"
time=2026-02-21T15:12:13.558-07:00 level=INFO msg="Starting %s..." !BADKEY=auto-import
time=2026-02-21T15:12:13.579-07:00 level=INFO msg="Skipping %s: JSONL content unchanged" !BADKEY=auto-import
time=2026-02-21T15:12:16.427-07:00 level=INFO msg="JSONL removed/renamed, re-establishing watch"
time=2026-02-21T15:12:16.479-07:00 level=INFO msg="Successfully re-established JSONL watch after %v" !BADKEY=50ms
time=2026-02-21T15:12:16.479-07:00 level=INFO msg="JSONL file created: %s" !BADKEY=/Users/cullenbottock/Documents/Projects/VeraScore/.beads/issues.jsonl
time=2026-02-21T15:12:17.481-07:00 level=INFO msg="Import triggered by file change"
time=2026-02-21T15:12:17.481-07:00 level=INFO msg="Starting %s..." !BADKEY=auto-import
time=2026-02-21T15:12:17.489-07:00 level=INFO msg="Skipping %s: JSONL content unchanged" !BADKEY=auto-import
time=2026-02-21T15:13:23.549-07:00 level=INFO msg="JSONL removed/renamed, re-establishing watch"
time=2026-02-21T15:13:23.601-07:00 level=INFO msg="Successfully re-established JSONL watch after %v" !BADKEY=50ms
time=2026-02-21T15:13:23.601-07:00 level=INFO msg="JSONL file created: %s" !BADKEY=/Users/cullenbottock/Documents/Projects/VeraScore/.beads/issues.jsonl
time=2026-02-21T15:13:24.603-07:00 level=INFO msg="Import triggered by file change"
time=2026-02-21T15:13:24.603-07:00 level=INFO msg="Starting %s..." !BADKEY=auto-import
time=2026-02-21T15:13:24.604-07:00 level=INFO msg="Skipping %s: JSONL content unchanged" !BADKEY=auto-import
time=2026-02-21T15:16:39.461-07:00 level=INFO msg="Mutation detected: %s %s" create=VeraScore-z0r
time=2026-02-21T15:16:39.964-07:00 level=INFO msg="Export triggered by mutation events"
time=2026-02-21T15:16:39.964-07:00 level=INFO msg="Starting %s..." !BADKEY=export
time=2026-02-21T15:16:39.972-07:00 level=INFO msg="Exported to JSONL"
time=2026-02-21T15:16:39.972-07:00 level=INFO msg="Export complete"
time=2026-02-21T15:16:39.973-07:00 level=INFO msg="JSONL removed/renamed, re-establishing watch"
time=2026-02-21T15:16:40.024-07:00 level=INFO msg="Successfully re-established JSONL watch after %v" !BADKEY=50ms
time=2026-02-21T15:16:40.024-07:00 level=INFO msg="JSONL file created: %s" !BADKEY=/Users/cullenbottock/Documents/Projects/VeraScore/.beads/issues.jsonl
time=2026-02-21T15:16:41.028-07:00 level=INFO msg="Import triggered by file change"
time=2026-02-21T15:16:41.029-07:00 level=INFO msg="Starting %s..." !BADKEY=auto-import
time=2026-02-21T15:16:41.034-07:00 level=INFO msg="JSONL content changed, proceeding with %s..." !BADKEY=auto-import
time=2026-02-21T15:16:41.723-07:00 level=INFO msg="Pulled from remote"
time=2026-02-21T15:16:41.730-07:00 level=INFO msg="Imported from JSONL"
time=2026-02-21T15:16:41.730-07:00 level=INFO msg="Auto-import complete"
time=2026-02-21T15:16:44.939-07:00 level=INFO msg="Mutation detected: %s %s" create=VeraScore-36l
time=2026-02-21T15:16:45.439-07:00 level=INFO msg="Export triggered by mutation events"
time=2026-02-21T15:16:45.440-07:00 level=INFO msg="Starting %s..." !BADKEY=export
time=2026-02-21T15:16:45.450-07:00 level=INFO msg="Exported to JSONL"
time=2026-02-21T15:16:45.450-07:00 level=INFO msg="Export complete"
time=2026-02-21T15:16:45.451-07:00 level=INFO msg="JSONL removed/renamed, re-establishing watch"
time=2026-02-21T15:16:45.502-07:00 level=INFO msg="Successfully re-established JSONL watch after %v" !BADKEY=50ms
time=2026-02-21T15:16:45.502-07:00 level=INFO msg="JSONL file created: %s" !BADKEY=/Users/cullenbottock/Documents/Projects/VeraScore/.beads/issues.jsonl
time=2026-02-21T15:16:46.504-07:00 level=INFO msg="Import triggered by file change"
time=2026-02-21T15:16:46.504-07:00 level=INFO msg="Starting %s..." !BADKEY=auto-import
time=2026-02-21T15:16:46.505-07:00 level=INFO msg="JSONL content changed, proceeding with %s..." !BADKEY=auto-import
time=2026-02-21T15:16:46.925-07:00 level=INFO msg="Mutation detected: %s %s" create=VeraScore-5cu
time=2026-02-21T15:16:47.115-07:00 level=INFO msg="Pulled from remote"
time=2026-02-21T15:16:47.117-07:00 level=INFO msg="Imported from JSONL"
time=2026-02-21T15:16:47.117-07:00 level=INFO msg="Auto-import complete"
time=2026-02-21T15:16:47.427-07:00 level=INFO msg="Export triggered by mutation events"
time=2026-02-21T15:16:47.427-07:00 level=INFO msg="Starting %s..." !BADKEY=export
time=2026-02-21T15:16:47.431-07:00 level=INFO msg="Exported to JSONL"
time=2026-02-21T15:16:47.431-07:00 level=INFO msg="Export complete"
time=2026-02-21T15:16:47.431-07:00 level=INFO msg="JSONL removed/renamed, re-establishing watch"
time=2026-02-21T15:16:47.482-07:00 level=INFO msg="Successfully re-established JSONL watch after %v" !BADKEY=50ms
time=2026-02-21T15:16:47.482-07:00 level=INFO msg="JSONL file created: %s" !BADKEY=/Users/cullenbottock/Documents/Projects/VeraScore/.beads/issues.jsonl
time=2026-02-21T15:16:48.484-07:00 level=INFO msg="Import triggered by file change"
time=2026-02-21T15:16:48.485-07:00 level=INFO msg="Starting %s..." !BADKEY=auto-import
time=2026-02-21T15:16:48.486-07:00 level=INFO msg="JSONL content changed, proceeding with %s..." !BADKEY=auto-import
time=2026-02-21T15:16:49.127-07:00 level=INFO msg="Pulled from remote"
time=2026-02-21T15:16:49.131-07:00 level=INFO msg="Imported from JSONL"
time=2026-02-21T15:16:49.131-07:00 level=INFO msg="Auto-import complete"
time=2026-02-21T15:16:50.000-07:00 level=INFO msg="Mutation detected: %s %s" create=VeraScore-dtl
time=2026-02-21T15:16:50.501-07:00 level=INFO msg="Export triggered by mutation events"
time=2026-02-21T15:16:50.502-07:00 level=INFO msg="Starting %s..." !BADKEY=export
time=2026-02-21T15:16:50.506-07:00 level=INFO msg="Exported to JSONL"
time=2026-02-21T15:16:50.506-07:00 level=INFO msg="Export complete"
time=2026-02-21T15:16:50.506-07:00 level=INFO msg="JSONL removed/renamed, re-establishing watch"
time=2026-02-21T15:16:50.558-07:00 level=INFO msg="Successfully re-established JSONL watch after %v" !BADKEY=50ms
time=2026-02-21T15:16:50.558-07:00 level=INFO msg="JSONL file created: %s" !BADKEY=/Users/cullenbottock/Documents/Projects/VeraScore/.beads/issues.jsonl
time=2026-02-21T15:16:51.560-07:00 level=INFO msg="Import triggered by file change"
time=2026-02-21T15:16:51.560-07:00 level=INFO msg="Starting %s..." !BADKEY=auto-import
time=2026-02-21T15:16:51.561-07:00 level=INFO msg="JSONL content changed, proceeding with %s..." !BADKEY=auto-import
time=2026-02-21T15:16:52.026-07:00 level=INFO msg="Mutation detected: %s %s" create=VeraScore-jj2
time=2026-02-21T15:16:52.143-07:00 level=INFO msg="Pulled from remote"
time=2026-02-21T15:16:52.146-07:00 level=INFO msg="Imported from JSONL"
time=2026-02-21T15:16:52.146-07:00 level=INFO msg="Auto-import complete"
time=2026-02-21T15:16:52.527-07:00 level=INFO msg="Export triggered by mutation events"
time=2026-02-21T15:16:52.527-07:00 level=INFO msg="Starting %s..." !BADKEY=export
time=2026-02-21T15:16:52.531-07:00 level=INFO msg="Exported to JSONL"
time=2026-02-21T15:16:52.531-07:00 level=INFO msg="Export complete"
time=2026-02-21T15:16:52.531-07:00 level=INFO msg="JSONL removed/renamed, re-establishing watch"
time=2026-02-21T15:16:52.582-07:00 level=INFO msg="Successfully re-established JSONL watch after %v" !BADKEY=50ms
time=2026-02-21T15:16:52.582-07:00 level=INFO msg="JSONL file created: %s" !BADKEY=/Users/cullenbottock/Documents/Projects/VeraScore/.beads/issues.jsonl
time=2026-02-21T15:16:53.585-07:00 level=INFO msg="Import triggered by file change"
time=2026-02-21T15:16:53.586-07:00 level=INFO msg="Starting %s..." !BADKEY=auto-import
time=2026-02-21T15:16:53.587-07:00 level=INFO msg="JSONL content changed, proceeding with %s..." !BADKEY=auto-import
time=2026-02-21T15:16:54.064-07:00 level=INFO msg="Mutation detected: %s %s" create=VeraScore-806
time=2026-02-21T15:16:54.148-07:00 level=INFO msg="Pulled from remote"
time=2026-02-21T15:16:54.152-07:00 level=INFO msg="Imported from JSONL"
time=2026-02-21T15:16:54.153-07:00 level=INFO msg="Auto-import complete"
time=2026-02-21T15:16:54.565-07:00 level=INFO msg="Export triggered by mutation events"
time=2026-02-21T15:16:54.566-07:00 level=INFO msg="Starting %s..." !BADKEY=export
time=2026-02-21T15:16:54.572-07:00 level=INFO msg="Exported to JSONL"
time=2026-02-21T15:16:54.572-07:00 level=INFO msg="Export complete"
time=2026-02-21T15:16:54.572-07:00 level=INFO msg="JSONL removed/renamed, re-establishing watch"
time=2026-02-21T15:16:54.623-07:00 level=INFO msg="Successfully re-established JSONL watch after %v" !BADKEY=50ms
time=2026-02-21T15:16:54.623-07:00 level=INFO msg="JSONL file created: %s" !BADKEY=/Users/cullenbottock/Documents/Projects/VeraScore/.beads/issues.jsonl
time=2026-02-21T15:16:55.625-07:00 level=INFO msg="Import triggered by file change"
time=2026-02-21T15:16:55.626-07:00 level=INFO msg="Starting %s..." !BADKEY=auto-import
time=2026-02-21T15:16:55.629-07:00 level=INFO msg="JSONL content changed, proceeding with %s..." !BADKEY=auto-import
time=2026-02-21T15:16:56.214-07:00 level=INFO msg="Pulled from remote"
time=2026-02-21T15:16:56.217-07:00 level=INFO msg="Imported from JSONL"
time=2026-02-21T15:16:56.217-07:00 level=INFO msg="Auto-import complete"
time=2026-02-21T15:17:23.472-07:00 level=INFO msg="Mutation detected: %s %s" update=VeraScore-36l
time=2026-02-21T15:17:23.611-07:00 level=INFO msg="Mutation detected: %s %s" update=VeraScore-5cu
time=2026-02-21T15:17:23.741-07:00 level=INFO msg="Mutation detected: %s %s" update=VeraScore-dtl
time=2026-02-21T15:17:23.886-07:00 level=INFO msg="Mutation detected: %s %s" update=VeraScore-jj2
time=2026-02-21T15:17:24.025-07:00 level=INFO msg="Mutation detected: %s %s" update=VeraScore-806
time=2026-02-21T15:17:24.528-07:00 level=INFO msg="Export triggered by mutation events"
time=2026-02-21T15:17:24.531-07:00 level=INFO msg="Starting %s..." !BADKEY=export
time=2026-02-21T15:17:24.609-07:00 level=INFO msg="Exported to JSONL"
time=2026-02-21T15:17:24.609-07:00 level=INFO msg="Export complete"
time=2026-02-21T15:17:24.609-07:00 level=INFO msg="JSONL removed/renamed, re-establishing watch"
time=2026-02-21T15:17:24.660-07:00 level=INFO msg="Successfully re-established JSONL watch after %v" !BADKEY=50ms
time=2026-02-21T15:17:24.660-07:00 level=INFO msg="JSONL file created: %s" !BADKEY=/Users/cullenbottock/Documents/Projects/VeraScore/.beads/issues.jsonl
time=2026-02-21T15:17:25.662-07:00 level=INFO msg="Import triggered by file change"
time=2026-02-21T15:17:25.663-07:00 level=INFO msg="Starting %s..." !BADKEY=auto-import
time=2026-02-21T15:17:25.664-07:00 level=INFO msg="JSONL content changed, proceeding with %s..." !BADKEY=auto-import
time=2026-02-21T15:17:26.296-07:00 level=INFO msg="Pulled from remote"
time=2026-02-21T15:17:26.301-07:00 level=INFO msg="Imported from JSONL"
time=2026-02-21T15:17:26.301-07:00 level=INFO msg="Auto-import complete"
time=2026-02-21T15:17:27.353-07:00 level=INFO msg="JSONL removed/renamed, re-establishing watch"
time=2026-02-21T15:17:27.404-07:00 level=INFO msg="Successfully re-established JSONL watch after %v" !BADKEY=50ms
time=2026-02-21T15:17:27.404-07:00 level=INFO msg="JSONL file created: %s" !BADKEY=/Users/cullenbottock/Documents/Projects/VeraScore/.beads/issues.jsonl
time=2026-02-21T15:17:28.406-07:00 level=INFO msg="Import triggered by file change"
time=2026-02-21T15:17:28.407-07:00 level=INFO msg="Starting %s..." !BADKEY=auto-import
time=2026-02-21T15:17:28.407-07:00 level=INFO msg="Skipping %s: JSONL content unchanged" !BADKEY=auto-import
time=2026-02-21T15:17:38.764-07:00 level=INFO msg="JSONL removed/renamed, re-establishing watch"
time=2026-02-21T15:17:38.815-07:00 level=INFO msg="Successfully re-established JSONL watch after %v" !BADKEY=50ms
time=2026-02-21T15:17:38.815-07:00 level=INFO msg="JSONL file created: %s" !BADKEY=/Users/cullenbottock/Documents/Projects/VeraScore/.beads/issues.jsonl
time=2026-02-21T15:17:38.871-07:00 level=INFO msg="Git ref change detected: %s" !BADKEY=/Users/cullenbottock/Documents/Projects/VeraScore/.git/refs/heads/main.lock
time=2026-02-21T15:17:38.887-07:00 level=INFO msg="File change detected: %s" !BADKEY=/Users/cullenbottock/Documents/Projects/VeraScore/.beads/issues.jsonl
time=2026-02-21T15:17:39.675-07:00 level=INFO msg="JSONL removed/renamed, re-establishing watch"
time=2026-02-21T15:17:39.726-07:00 level=INFO msg="Successfully re-established JSONL watch after %v" !BADKEY=50ms
time=2026-02-21T15:17:39.726-07:00 level=INFO msg="JSONL file created: %s" !BADKEY=/Users/cullenbottock/Documents/Projects/VeraScore/.beads/issues.jsonl
time=2026-02-21T15:17:39.890-07:00 level=INFO msg="Import triggered by file change"
time=2026-02-21T15:17:39.890-07:00 level=INFO msg="Starting %s..." !BADKEY=auto-import
time=2026-02-21T15:17:39.900-07:00 level=INFO msg="Skipping %s: JSONL content unchanged" !BADKEY=auto-import
time=2026-02-21T15:17:40.729-07:00 level=INFO msg="Import triggered by file change"
time=2026-02-21T15:17:40.729-07:00 level=INFO msg="Starting %s..." !BADKEY=auto-import
time=2026-02-21T15:17:40.729-07:00 level=INFO msg="Skipping %s: JSONL content unchanged" !BADKEY=auto-import
time=2026-02-21T15:20:30.731-07:00 level=INFO msg="Mutation detected: %s %s" status=VeraScore-z0r
time=2026-02-21T15:20:31.233-07:00 level=INFO msg="Export triggered by mutation events"
time=2026-02-21T15:20:31.233-07:00 level=INFO msg="Starting %s..." !BADKEY=export
time=2026-02-21T15:20:31.238-07:00 level=INFO msg="Exported to JSONL"
time=2026-02-21T15:20:31.238-07:00 level=INFO msg="Export complete"
time=2026-02-21T15:20:31.238-07:00 level=INFO msg="JSONL removed/renamed, re-establishing watch"
time=2026-02-21T15:20:31.289-07:00 level=INFO msg="Successfully re-established JSONL watch after %v" !BADKEY=50ms
time=2026-02-21T15:20:31.289-07:00 level=INFO msg="JSONL file created: %s" !BADKEY=/Users/cullenbottock/Documents/Projects/VeraScore/.beads/issues.jsonl
time=2026-02-21T15:20:32.290-07:00 level=INFO msg="Import triggered by file change"
time=2026-02-21T15:20:32.292-07:00 level=INFO msg="Starting %s..." !BADKEY=auto-import
time=2026-02-21T15:20:32.300-07:00 level=INFO msg="JSONL content changed, proceeding with %s..." !BADKEY=auto-import
time=2026-02-21T15:20:32.336-07:00 level=INFO msg="⚠️  WARNING: Uncommitted local changes detected in %s" !BADKEY=/Users/cullenbottock/Documents/Projects/VeraScore/.beads/issues.jsonl
time=2026-02-21T15:20:32.337-07:00 level=INFO msg="   Pulling from remote may overwrite local unpushed changes."
time=2026-02-21T15:20:32.337-07:00 level=INFO msg="   Consider running 'bd sync' to commit and push your changes first."
time=2026-02-21T15:20:33.003-07:00 level=INFO msg="Pulled from remote"
time=2026-02-21T15:20:33.009-07:00 level=INFO msg="Imported from JSONL"
time=2026-02-21T15:20:33.010-07:00 level=INFO msg="Auto-import complete"
time=2026-02-21T15:20:51.116-07:00 level=INFO msg="File change detected: %s" !BADKEY=/Users/cullenbottock/Documents/Projects/VeraScore/.beads/issues.jsonl
time=2026-02-21T15:20:52.142-07:00 level=INFO msg="Import triggered by file change"
time=2026-02-21T15:20:52.143-07:00 level=INFO msg="Starting %s..." !BADKEY=auto-import
time=2026-02-21T15:20:52.148-07:00 level=INFO msg="JSONL content changed, proceeding with %s..." !BADKEY=auto-import
time=2026-02-21T15:20:52.179-07:00 level=INFO msg="⚠️  WARNING: Uncommitted local changes detected in %s" !BADKEY=/Users/cullenbottock/Documents/Projects/VeraScore/.beads/issues.jsonl
time=2026-02-21T15:20:52.179-07:00 level=INFO msg="   Pulling from remote may overwrite local unpushed changes."
time=2026-02-21T15:20:52.179-07:00 level=INFO msg="   Consider running 'bd sync' to commit and push your changes first."
time=2026-02-21T15:20:52.782-07:00 level=INFO msg="Pulled from remote"
time=2026-02-21T15:20:52.785-07:00 level=INFO msg="Imported from JSONL"
time=2026-02-21T15:20:52.786-07:00 level=INFO msg="Auto-import complete"
time=2026-02-21T15:21:11.235-07:00 level=INFO msg="File change detected: %s" !BADKEY=/Users/cullenbottock/Documents/Projects/VeraScore/.beads/issues.jsonl
time=2026-02-21T15:21:12.273-07:00 level=INFO msg="Import triggered by file change"
time=2026-02-21T15:21:12.438-07:00 level=INFO msg="Starting %s..." !BADKEY=auto-import
time=2026-02-21T15:21:12.444-07:00 level=INFO msg="JSONL content changed, proceeding with %s..." !BADKEY=auto-import
time=2026-02-21T15:21:13.812-07:00 level=INFO msg="⚠️  WARNING: Uncommitted local changes detected in %s" !BADKEY=/Users/cullenbottock/Documents/Projects/VeraScore/.beads/issues.jsonl
time=2026-02-21T15:21:13.816-07:00 level=INFO msg="   Pulling from remote may overwrite local unpushed changes."
time=2026-02-21T15:21:13.816-07:00 level=INFO msg="   Consider running 'bd sync' to commit and push your changes first."
time=2026-02-21T15:21:14.616-07:00 level=INFO msg="Pulled from remote"
time=2026-02-21T15:21:14.632-07:00 level=INFO msg="Imported from JSONL"
time=2026-02-21T15:21:14.633-07:00 level=INFO msg="Auto-import complete"
time=2026-02-21T15:21:31.425-07:00 level=INFO msg="File change detected: %s" !BADKEY=/Users/cullenbottock/Documents/Projects/VeraScore/.beads/issues.jsonl
time=2026-02-21T15:21:32.456-07:00 level=INFO msg="Import triggered by file change"
time=2026-02-21T15:21:32.458-07:00 level=INFO msg="Starting %s..." !BADKEY=auto-import
time=2026-02-21T15:21:32.461-07:00 level=INFO msg="JSONL content changed, proceeding with %s..." !BADKEY=auto-import
time=2026-02-21T15:21:32.493-07:00 level=INFO msg="⚠️  WARNING: Uncommitted local changes detected in %s" !BADKEY=/Users/cullenbottock/Documents/Projects/VeraScore/.beads/issues.jsonl
time=2026-02-21T15:21:32.494-07:00 level=INFO msg="   Pulling from remote may overwrite local unpushed changes."
time=2026-02-21T15:21:32.494-07:00 level=INFO msg="   Consider running 'bd sync' to commit and push your changes first."
time=2026-02-21T15:21:33.071-07:00 level=INFO msg="Pulled from remote"
time=2026-02-21T15:21:33.084-07:00 level=INFO msg="Imported from JSONL"
time=2026-02-21T15:21:33.085-07:00 level=INFO msg="Auto-import complete"
time=2026-02-21T15:21:51.540-07:00 level=INFO msg="File change detected: %s" !BADKEY=/Users/cullenbottock/Documents/Projects/VeraScore/.beads/issues.jsonl
time=2026-02-21T15:21:52.568-07:00 level=INFO msg="Import triggered by file change"
time=2026-02-21T15:21:52.570-07:00 level=INFO msg="Starting %s..." !BADKEY=auto-import
time=2026-02-21T15:21:52.571-07:00 level=INFO msg="JSONL content changed, proceeding with %s..." !BADKEY=auto-import
time=2026-02-21T15:21:52.601-07:00 level=INFO msg="⚠️  WARNING: Uncommitted local changes detected in %s" !BADKEY=/Users/cullenbottock/Documents/Projects/VeraScore/.beads/issues.jsonl
time=2026-02-21T15:21:52.601-07:00 level=INFO msg="   Pulling from remote may overwrite local unpushed changes."
time=2026-02-21T15:21:52.601-07:00 level=INFO msg="   Consider running 'bd sync' to commit and push your changes first."
time=2026-02-21T15:21:53.155-07:00 level=INFO msg="Pulled from remote"
time=2026-02-21T15:21:53.158-07:00 level=INFO msg="Imported from JSONL"
time=2026-02-21T15:21:53.158-07:00 level=INFO msg="Auto-import complete"
time=2026-02-21T15:22:11.653-07:00 level=INFO msg="File change detected: %s" !BADKEY=/Users/cullenbottock/Documents/Projects/VeraScore/.beads/issues.jsonl
time=2026-02-21T15:22:12.680-07:00 level=INFO msg="Import triggered by file change"
time=2026-02-21T15:22:12.681-07:00 level=INFO msg="Starting %s..." !BADKEY=auto-import
time=2026-02-21T15:22:12.683-07:00 level=INFO msg="JSONL content changed, proceeding with %s..." !BADKEY=auto-import
time=2026-02-21T15:22:12.711-07:00 level=INFO msg="⚠️  WARNING: Uncommitted local changes detected in %s" !BADKEY=/Users/cullenbottock/Documents/Projects/VeraScore/.beads/issues.jsonl
time=2026-02-21T15:22:12.711-07:00 level=INFO msg="   Pulling from remote may overwrite local unpushed changes."
time=2026-02-21T15:22:12.711-07:00 level=INFO msg="   Consider running 'bd sync' to commit and push your changes first."
time=2026-02-21T15:22:13.287-07:00 level=INFO msg="Pulled from remote"
time=2026-02-21T15:22:13.290-07:00 level=INFO msg="Imported from JSONL"
time=2026-02-21T15:22:13.291-07:00 level=INFO msg="Auto-import complete"
time=2026-02-21T15:22:31.752-07:00 level=INFO msg="File change detected: %s" !BADKEY=/Users/cullenbottock/Documents/Projects/VeraScore/.beads/issues.jsonl
time=2026-02-21T15:22:32.780-07:00 level=INFO msg="Import triggered by file change"
time=2026-02-21T15:22:32.782-07:00 level=INFO msg="Starting %s..." !BADKEY=auto-import
time=2026-02-21T15:22:32.782-07:00 level=INFO msg="JSONL content changed, proceeding with %s..." !BADKEY=auto-import
time=2026-02-21T15:22:32.811-07:00 level=INFO msg="⚠️  WARNING: Uncommitted local changes detected in %s" !BADKEY=/Users/cullenbottock/Documents/Projects/VeraScore/.beads/issues.jsonl
time=2026-02-21T15:22:32.811-07:00 level=INFO msg="   Pulling from remote may overwrite local unpushed changes."
time=2026-02-21T15:22:32.811-07:00 level=INFO msg="   Consider running 'bd sync' to commit and push your changes first."
time=2026-02-21T15:22:33.380-07:00 level=INFO msg="Pulled from remote"
time=2026-02-21T15:22:33.383-07:00 level=INFO msg="Imported from JSONL"
time=2026-02-21T15:22:33.383-07:00 level=INFO msg="Auto-import complete"
time=2026-02-21T15:22:51.869-07:00 level=INFO msg="File change detected: %s" !BADKEY=/Users/cullenbottock/Documents/Projects/VeraScore/.beads/issues.jsonl
time=2026-02-21T15:22:53.069-07:00 level=INFO msg="Import triggered by file change"
time=2026-02-21T15:22:53.072-07:00 level=INFO msg="Starting %s..." !BADKEY=auto-import
time=2026-02-21T15:22:53.075-07:00 level=INFO msg="JSONL content changed, proceeding with %s..." !BADKEY=auto-import
time=2026-02-21T15:22:53.107-07:00 level=INFO msg="⚠️  WARNING: Uncommitted local changes detected in %s" !BADKEY=/Users/cullenbottock/Documents/Projects/VeraScore/.beads/issues.jsonl
time=2026-02-21T15:22:53.107-07:00 level=INFO msg="   Pulling from remote may overwrite local unpushed changes."
time=2026-02-21T15:22:53.107-07:00 level=INFO msg="   Consider running 'bd sync' to commit and push your changes first."
time=2026-02-21T15:22:53.694-07:00 level=INFO msg="Pulled from remote"
time=2026-02-21T15:22:53.698-07:00 level=INFO msg="Imported from JSONL"
time=2026-02-21T15:22:53.698-07:00 level=INFO msg="Auto-import complete"
time=2026-02-21T15:23:12.127-07:00 level=INFO msg="File change detected: %s" !BADKEY=/Users/cullenbottock/Documents/Projects/VeraScore/.beads/issues.jsonl
time=2026-02-21T15:23:13.158-07:00 level=INFO msg="Import triggered by file change"
time=2026-02-21T15:23:13.158-07:00 level=INFO msg="Starting %s..." !BADKEY=auto-import
time=2026-02-21T15:23:13.162-07:00 level=INFO msg="JSONL content changed, proceeding with %s..." !BADKEY=auto-import
time=2026-02-21T15:23:13.196-07:00 level=INFO msg="⚠️  WARNING: Uncommitted local changes detected in %s" !BADKEY=/Users/cullenbottock/Documents/Projects/VeraScore/.beads/issues.jsonl
time=2026-02-21T15:23:13.197-07:00 level=INFO msg="   Pulling from remote may overwrite local unpushed changes."
time=2026-02-21T15:23:13.197-07:00 level=INFO msg="   Consider running 'bd sync' to commit and push your changes first."
time=2026-02-21T15:23:13.784-07:00 level=INFO msg="Pulled from remote"
time=2026-02-21T15:23:13.787-07:00 level=INFO msg="Imported from JSONL"
time=2026-02-21T15:23:13.788-07:00 level=INFO msg="Auto-import complete"
time=2026-02-21T15:23:32.452-07:00 level=INFO msg="File change detected: %s" !BADKEY=/Users/cullenbottock/Documents/Projects/VeraScore/.beads/issues.jsonl
time=2026-02-21T15:23:33.664-07:00 level=INFO msg="Import triggered by file change"
time=2026-02-21T15:23:33.760-07:00 level=INFO msg="Starting %s..." !BADKEY=auto-import
time=2026-02-21T15:23:34.279-07:00 level=INFO msg="JSONL content changed, proceeding with %s..." !BADKEY=auto-import
time=2026-02-21T15:23:34.733-07:00 level=INFO msg="⚠️  WARNING: Uncommitted local changes detected in %s" !BADKEY=/Users/cullenbottock/Documents/Projects/VeraScore/.beads/issues.jsonl
time=2026-02-21T15:23:34.734-07:00 level=INFO msg="   Pulling from remote may overwrite local unpushed changes."
time=2026-02-21T15:23:34.734-07:00 level=INFO msg="   Consider running 'bd sync' to commit and push your changes first."
time=2026-02-21T15:23:38.474-07:00 level=INFO msg="Pulled from remote"
time=2026-02-21T15:23:38.549-07:00 level=INFO msg="Imported from JSONL"
time=2026-02-21T15:23:38.551-07:00 level=INFO msg="Auto-import complete"
time=2026-02-21T15:23:52.811-07:00 level=INFO msg="File change detected: %s" !BADKEY=/Users/cullenbottock/Documents/Projects/VeraScore/.beads/issues.jsonl
time=2026-02-21T15:23:53.850-07:00 level=INFO msg="Import triggered by file change"
time=2026-02-21T15:23:53.853-07:00 level=INFO msg="Starting %s..." !BADKEY=auto-import
time=2026-02-21T15:23:53.857-07:00 level=INFO msg="JSONL content changed, proceeding with %s..." !BADKEY=auto-import
time=2026-02-21T15:23:53.889-07:00 level=INFO msg="⚠️  WARNING: Uncommitted local changes detected in %s" !BADKEY=/Users/cullenbottock/Documents/Projects/VeraScore/.beads/issues.jsonl
time=2026-02-21T15:23:53.889-07:00 level=INFO msg="   Pulling from remote may overwrite local unpushed changes."
time=2026-02-21T15:23:53.889-07:00 level=INFO msg="   Consider running 'bd sync' to commit and push your changes first."
time=2026-02-21T15:23:54.591-07:00 level=INFO msg="Pulled from remote"
time=2026-02-21T15:23:54.599-07:00 level=INFO msg="Imported from JSONL"
time=2026-02-21T15:23:54.600-07:00 level=INFO msg="Auto-import complete"
time=2026-02-21T15:24:16.292-07:00 level=INFO msg="File change detected: %s" !BADKEY=/Users/cullenbottock/Documents/Projects/VeraScore/.beads/issues.jsonl
time=2026-02-21T15:24:17.363-07:00 level=INFO msg="Import triggered by file change"
time=2026-02-21T15:24:17.433-07:00 level=INFO msg="Starting %s..." !BADKEY=auto-import
time=2026-02-21T15:24:17.536-07:00 level=INFO msg="JSONL content changed, proceeding with %s..." !BADKEY=auto-import
time=2026-02-21T15:24:17.862-07:00 level=INFO msg="File change detected: %s" !BADKEY=/Users/cullenbottock/Documents/Projects/VeraScore/.beads/issues.jsonl
time=2026-02-21T15:24:18.128-07:00 level=INFO msg="⚠️  WARNING: Uncommitted local changes detected in %s" !BADKEY=/Users/cullenbottock/Documents/Projects/VeraScore/.beads/issues.jsonl
time=2026-02-21T15:24:18.155-07:00 level=INFO msg="   Pulling from remote may overwrite local unpushed changes."
time=2026-02-21T15:24:18.155-07:00 level=INFO msg="   Consider running 'bd sync' to commit and push your changes first."
time=2026-02-21T15:24:18.975-07:00 level=INFO msg="Import triggered by file change"
time=2026-02-21T15:24:18.976-07:00 level=INFO msg="Starting %s..." !BADKEY=auto-import
time=2026-02-21T15:24:18.976-07:00 level=INFO msg="JSONL content changed, proceeding with %s..." !BADKEY=auto-import
time=2026-02-21T15:24:19.438-07:00 level=INFO msg="⚠️  WARNING: Uncommitted local changes detected in %s" !BADKEY=/Users/cullenbottock/Documents/Projects/VeraScore/.beads/issues.jsonl
time=2026-02-21T15:24:19.438-07:00 level=INFO msg="   Pulling from remote may overwrite local unpushed changes."
time=2026-02-21T15:24:19.438-07:00 level=INFO msg="   Consider running 'bd sync' to commit and push your changes first."
time=2026-02-21T15:24:22.089-07:00 level=INFO msg="Pulled from remote"
time=2026-02-21T15:24:22.091-07:00 level=INFO msg="Pulled from remote"
time=2026-02-21T15:24:22.330-07:00 level=INFO msg="Imported from JSONL"
time=2026-02-21T15:24:22.334-07:00 level=INFO msg="Imported from JSONL"
time=2026-02-21T15:24:22.338-07:00 level=INFO msg="Auto-import complete"
time=2026-02-21T15:24:22.339-07:00 level=INFO msg="Auto-import complete"
time=2026-02-21T15:24:43.254-07:00 level=INFO msg="File change detected: %s" !BADKEY=/Users/cullenbottock/Documents/Projects/VeraScore/.beads/issues.jsonl
time=2026-02-21T15:24:44.325-07:00 level=INFO msg="Import triggered by file change"
time=2026-02-21T15:24:44.556-07:00 level=INFO msg="Starting %s..." !BADKEY=auto-import
time=2026-02-21T15:24:46.373-07:00 level=INFO msg="JSONL content changed, proceeding with %s..." !BADKEY=auto-import
time=2026-02-21T15:24:47.441-07:00 level=INFO msg="⚠️  WARNING: Uncommitted local changes detected in %s" !BADKEY=/Users/cullenbottock/Documents/Projects/VeraScore/.beads/issues.jsonl
time=2026-02-21T15:24:47.505-07:00 level=INFO msg="   Pulling from remote may overwrite local unpushed changes."
time=2026-02-21T15:24:47.505-07:00 level=INFO msg="   Consider running 'bd sync' to commit and push your changes first."
time=2026-02-21T15:24:50.790-07:00 level=INFO msg="Pulled from remote"
time=2026-02-21T15:24:50.942-07:00 level=INFO msg="Imported from JSONL"
time=2026-02-21T15:24:50.948-07:00 level=INFO msg="Auto-import complete"
time=2026-02-21T15:24:51.027-07:00 level=INFO msg="File change detected: %s" !BADKEY=/Users/cullenbottock/Documents/Projects/VeraScore/.beads/issues.jsonl
time=2026-02-21T15:24:52.044-07:00 level=INFO msg="Import triggered by file change"
time=2026-02-21T15:24:52.045-07:00 level=INFO msg="Starting %s..." !BADKEY=auto-import
time=2026-02-21T15:24:52.053-07:00 level=INFO msg="JSONL content changed, proceeding with %s..." !BADKEY=auto-import
time=2026-02-21T15:24:52.167-07:00 level=INFO msg="⚠️  WARNING: Uncommitted local changes detected in %s" !BADKEY=/Users/cullenbottock/Documents/Projects/VeraScore/.beads/issues.jsonl
time=2026-02-21T15:24:52.167-07:00 level=INFO msg="   Pulling from remote may overwrite local unpushed changes."
time=2026-02-21T15:24:52.167-07:00 level=INFO msg="   Consider running 'bd sync' to commit and push your changes first."
time=2026-02-21T15:24:54.868-07:00 level=INFO msg="Pulled from remote"
time=2026-02-21T15:24:54.911-07:00 level=INFO msg="Imported from JSONL"
time=2026-02-21T15:24:54.912-07:00 level=INFO msg="Auto-import complete"
time=2026-02-21T15:25:13.276-07:00 level=INFO msg="File change detected: %s" !BADKEY=/Users/cullenbottock/Documents/Projects/VeraScore/.beads/issues.jsonl
time=2026-02-21T15:25:13.818-07:00 level=INFO msg="File change detected: %s" !BADKEY=/Users/cullenbottock/Documents/Projects/VeraScore/.beads/issues.jsonl
time=2026-02-21T15:25:14.318-07:00 level=INFO msg="Import triggered by file change"
time=2026-02-21T15:25:14.375-07:00 level=INFO msg="Starting %s..." !BADKEY=auto-import
time=2026-02-21T15:25:14.509-07:00 level=INFO msg="JSONL content changed, proceeding with %s..." !BADKEY=auto-import
time=2026-02-21T15:25:14.821-07:00 level=INFO msg="Import triggered by file change"
time=2026-02-21T15:25:14.828-07:00 level=INFO msg="Starting %s..." !BADKEY=auto-import
time=2026-02-21T15:25:14.831-07:00 level=INFO msg="JSONL content changed, proceeding with %s..." !BADKEY=auto-import
time=2026-02-21T15:25:14.834-07:00 level=INFO msg="⚠️  WARNING: Uncommitted local changes detected in %s" !BADKEY=/Users/cullenbottock/Documents/Projects/VeraScore/.beads/issues.jsonl
time=2026-02-21T15:25:14.841-07:00 level=INFO msg="   Pulling from remote may overwrite local unpushed changes."
time=2026-02-21T15:25:14.841-07:00 level=INFO msg="   Consider running 'bd sync' to commit and push your changes first."
time=2026-02-21T15:25:15.006-07:00 level=INFO msg="⚠️  WARNING: Uncommitted local changes detected in %s" !BADKEY=/Users/cullenbottock/Documents/Projects/VeraScore/.beads/issues.jsonl
time=2026-02-21T15:25:15.007-07:00 level=INFO msg="   Pulling from remote may overwrite local unpushed changes."
time=2026-02-21T15:25:15.007-07:00 level=INFO msg="   Consider running 'bd sync' to commit and push your changes first."
time=2026-02-21T15:25:16.184-07:00 level=INFO msg="Pulled from remote"
time=2026-02-21T15:25:16.189-07:00 level=INFO msg="Pulled from remote"
time=2026-02-21T15:25:16.238-07:00 level=INFO msg="Imported from JSONL"
time=2026-02-21T15:25:16.244-07:00 level=INFO msg="Auto-import complete"
time=2026-02-21T15:25:16.244-07:00 level=INFO msg="Imported from JSONL"
time=2026-02-21T15:25:16.245-07:00 level=INFO msg="Auto-import complete"
time=2026-02-21T15:25:36.387-07:00 level=INFO msg="File change detected: %s" !BADKEY=/Users/cullenbottock/Documents/Projects/VeraScore/.beads/issues.jsonl
time=2026-02-21T15:25:37.465-07:00 level=INFO msg="Import triggered by file change"
time=2026-02-21T15:25:37.468-07:00 level=INFO msg="Starting %s..." !BADKEY=auto-import
time=2026-02-21T15:25:37.476-07:00 level=INFO msg="JSONL content changed, proceeding with %s..." !BADKEY=auto-import
time=2026-02-21T15:25:37.505-07:00 level=INFO msg="⚠️  WARNING: Uncommitted local changes detected in %s" !BADKEY=/Users/cullenbottock/Documents/Projects/VeraScore/.beads/issues.jsonl
time=2026-02-21T15:25:37.505-07:00 level=INFO msg="   Pulling from remote may overwrite local unpushed changes."
time=2026-02-21T15:25:37.505-07:00 level=INFO msg="   Consider running 'bd sync' to commit and push your changes first."
time=2026-02-21T15:25:38.074-07:00 level=INFO msg="Pulled from remote"
time=2026-02-21T15:25:38.099-07:00 level=INFO msg="Imported from JSONL"
time=2026-02-21T15:25:38.101-07:00 level=INFO msg="Auto-import complete"
time=2026-02-21T15:25:56.532-07:00 level=INFO msg="File change detected: %s" !BADKEY=/Users/cullenbottock/Documents/Projects/VeraScore/.beads/issues.jsonl
time=2026-02-21T15:25:57.596-07:00 level=INFO msg="Import triggered by file change"
time=2026-02-21T15:25:57.613-07:00 level=INFO msg="Starting %s..." !BADKEY=auto-import
time=2026-02-21T15:25:57.631-07:00 level=INFO msg="JSONL content changed, proceeding with %s..." !BADKEY=auto-import
time=2026-02-21T15:25:57.707-07:00 level=INFO msg="⚠️  WARNING: Uncommitted local changes detected in %s" !BADKEY=/Users/cullenbottock/Documents/Projects/VeraScore/.beads/issues.jsonl
time=2026-02-21T15:25:57.709-07:00 level=INFO msg="   Pulling from remote may overwrite local unpushed changes."
time=2026-02-21T15:25:57.710-07:00 level=INFO msg="   Consider running 'bd sync' to commit and push your changes first."
time=2026-02-21T15:25:58.640-07:00 level=INFO msg="Pulled from remote"
time=2026-02-21T15:25:58.664-07:00 level=INFO msg="Imported from JSONL"
time=2026-02-21T15:25:58.666-07:00 level=INFO msg="Auto-import complete"
time=2026-02-21T15:26:16.646-07:00 level=INFO msg="File change detected: %s" !BADKEY=/Users/cullenbottock/Documents/Projects/VeraScore/.beads/issues.jsonl
time=2026-02-21T15:26:17.682-07:00 level=INFO msg="Import triggered by file change"
time=2026-02-21T15:26:17.720-07:00 level=INFO msg="Starting %s..." !BADKEY=auto-import
time=2026-02-21T15:26:17.744-07:00 level=INFO msg="JSONL content changed, proceeding with %s..." !BADKEY=auto-import
time=2026-02-21T15:26:17.790-07:00 level=INFO msg="⚠️  WARNING: Uncommitted local changes detected in %s" !BADKEY=/Users/cullenbottock/Documents/Projects/VeraScore/.beads/issues.jsonl
time=2026-02-21T15:26:17.790-07:00 level=INFO msg="   Pulling from remote may overwrite local unpushed changes."
time=2026-02-21T15:26:17.791-07:00 level=INFO msg="   Consider running 'bd sync' to commit and push your changes first."
time=2026-02-21T15:26:18.379-07:00 level=INFO msg="Pulled from remote"
time=2026-02-21T15:26:18.394-07:00 level=INFO msg="Imported from JSONL"
time=2026-02-21T15:26:18.395-07:00 level=INFO msg="Auto-import complete"
time=2026-02-21T15:26:36.970-07:00 level=INFO msg="File change detected: %s" !BADKEY=/Users/cullenbottock/Documents/Projects/VeraScore/.beads/issues.jsonl
time=2026-02-21T15:26:38.172-07:00 level=INFO msg="Import triggered by file change"
time=2026-02-21T15:26:38.180-07:00 level=INFO msg="Starting %s..." !BADKEY=auto-import
time=2026-02-21T15:26:38.196-07:00 level=INFO msg="JSONL content changed, proceeding with %s..." !BADKEY=auto-import
time=2026-02-21T15:26:38.230-07:00 level=INFO msg="⚠️  WARNING: Uncommitted local changes detected in %s" !BADKEY=/Users/cullenbottock/Documents/Projects/VeraScore/.beads/issues.jsonl
time=2026-02-21T15:26:38.231-07:00 level=INFO msg="   Pulling from remote may overwrite local unpushed changes."
time=2026-02-21T15:26:38.232-07:00 level=INFO msg="   Consider running 'bd sync' to commit and push your changes first."
time=2026-02-21T15:26:38.831-07:00 level=INFO msg="Pulled from remote"
time=2026-02-21T15:26:38.847-07:00 level=INFO msg="Imported from JSONL"
time=2026-02-21T15:26:38.848-07:00 level=INFO msg="Auto-import complete"
time=2026-02-21T15:26:57.458-07:00 level=INFO msg="File change detected: %s" !BADKEY=/Users/cullenbottock/Documents/Projects/VeraScore/.beads/issues.jsonl
time=2026-02-21T15:26:58.490-07:00 level=INFO msg="Import triggered by file change"
time=2026-02-21T15:26:58.491-07:00 level=INFO msg="Starting %s..." !BADKEY=auto-import
time=2026-02-21T15:26:58.493-07:00 level=INFO msg="JSONL content changed, proceeding with %s..." !BADKEY=auto-import
time=2026-02-21T15:26:58.533-07:00 level=INFO msg="⚠️  WARNING: Uncommitted local changes detected in %s" !BADKEY=/Users/cullenbottock/Documents/Projects/VeraScore/.beads/issues.jsonl
time=2026-02-21T15:26:58.533-07:00 level=INFO msg="   Pulling from remote may overwrite local unpushed changes."
time=2026-02-21T15:26:58.533-07:00 level=INFO msg="   Consider running 'bd sync' to commit and push your changes first."
time=2026-02-21T15:26:59.148-07:00 level=INFO msg="Pulled from remote"
time=2026-02-21T15:26:59.152-07:00 level=INFO msg="Imported from JSONL"
time=2026-02-21T15:26:59.152-07:00 level=INFO msg="Auto-import complete"
time=2026-02-21T15:27:17.596-07:00 level=INFO msg="File change detected: %s" !BADKEY=/Users/cullenbottock/Documents/Projects/VeraScore/.beads/issues.jsonl
time=2026-02-21T15:27:18.628-07:00 level=INFO msg="Import triggered by file change"
time=2026-02-21T15:27:18.634-07:00 level=INFO msg="Starting %s..." !BADKEY=auto-import
time=2026-02-21T15:27:18.644-07:00 level=INFO msg="JSONL content changed, proceeding with %s..." !BADKEY=auto-import
time=2026-02-21T15:27:18.683-07:00 level=INFO msg="⚠️  WARNING: Uncommitted local changes detected in %s" !BADKEY=/Users/cullenbottock/Documents/Projects/VeraScore/.beads/issues.jsonl
time=2026-02-21T15:27:18.684-07:00 level=INFO msg="   Pulling from remote may overwrite local unpushed changes."
time=2026-02-21T15:27:18.684-07:00 level=INFO msg="   Consider running 'bd sync' to commit and push your changes first."
time=2026-02-21T15:27:19.340-07:00 level=INFO msg="Pulled from remote"
time=2026-02-21T15:27:19.360-07:00 level=INFO msg="Imported from JSONL"
time=2026-02-21T15:27:19.361-07:00 level=INFO msg="Auto-import complete"
time=2026-02-21T15:27:37.720-07:00 level=INFO msg="File change detected: %s" !BADKEY=/Users/cullenbottock/Documents/Projects/VeraScore/.beads/issues.jsonl
time=2026-02-21T15:27:38.760-07:00 level=INFO msg="Import triggered by file change"
time=2026-02-21T15:27:38.760-07:00 level=INFO msg="Starting %s..." !BADKEY=auto-import
time=2026-02-21T15:27:38.763-07:00 level=INFO msg="JSONL content changed, proceeding with %s..." !BADKEY=auto-import
time=2026-02-21T15:27:38.799-07:00 level=INFO msg="⚠️  WARNING: Uncommitted local changes detected in %s" !BADKEY=/Users/cullenbottock/Documents/Projects/VeraScore/.beads/issues.jsonl
time=2026-02-21T15:27:38.799-07:00 level=INFO msg="   Pulling from remote may overwrite local unpushed changes."
time=2026-02-21T15:27:38.799-07:00 level=INFO msg="   Consider running 'bd sync' to commit and push your changes first."
time=2026-02-21T15:27:39.429-07:00 level=INFO msg="Pulled from remote"
time=2026-02-21T15:27:39.436-07:00 level=INFO msg="Imported from JSONL"
time=2026-02-21T15:27:39.437-07:00 level=INFO msg="Auto-import complete"
time=2026-02-21T15:27:58.252-07:00 level=INFO msg="File change detected: %s" !BADKEY=/Users/cullenbottock/Documents/Projects/VeraScore/.beads/issues.jsonl
time=2026-02-21T15:27:59.287-07:00 level=INFO msg="Import triggered by file change"
time=2026-02-21T15:27:59.290-07:00 level=INFO msg="Starting %s..." !BADKEY=auto-import
time=2026-02-21T15:27:59.293-07:00 level=INFO msg="JSONL content changed, proceeding with %s..." !BADKEY=auto-import
time=2026-02-21T15:27:59.326-07:00 level=INFO msg="⚠️  WARNING: Uncommitted local changes detected in %s" !BADKEY=/Users/cullenbottock/Documents/Projects/VeraScore/.beads/issues.jsonl
time=2026-02-21T15:27:59.326-07:00 level=INFO msg="   Pulling from remote may overwrite local unpushed changes."
time=2026-02-21T15:27:59.326-07:00 level=INFO msg="   Consider running 'bd sync' to commit and push your changes first."
time=2026-02-21T15:27:59.943-07:00 level=INFO msg="Pulled from remote"
time=2026-02-21T15:27:59.949-07:00 level=INFO msg="Imported from JSONL"
time=2026-02-21T15:27:59.949-07:00 level=INFO msg="Auto-import complete"
time=2026-02-21T15:28:18.400-07:00 level=INFO msg="File change detected: %s" !BADKEY=/Users/cullenbottock/Documents/Projects/VeraScore/.beads/issues.jsonl
time=2026-02-21T15:28:19.435-07:00 level=INFO msg="Import triggered by file change"
time=2026-02-21T15:28:19.437-07:00 level=INFO msg="Starting %s..." !BADKEY=auto-import
time=2026-02-21T15:28:19.442-07:00 level=INFO msg="JSONL content changed, proceeding with %s..." !BADKEY=auto-import
time=2026-02-21T15:28:19.480-07:00 level=INFO msg="⚠️  WARNING: Uncommitted local changes detected in %s" !BADKEY=/Users/cullenbottock/Documents/Projects/VeraScore/.beads/issues.jsonl
time=2026-02-21T15:28:19.481-07:00 level=INFO msg="   Pulling from remote may overwrite local unpushed changes."
time=2026-02-21T15:28:19.481-07:00 level=INFO msg="   Consider running 'bd sync' to commit and push your changes first."
time=2026-02-21T15:28:20.061-07:00 level=INFO msg="Pulled from remote"
time=2026-02-21T15:28:20.065-07:00 level=INFO msg="Imported from JSONL"
time=2026-02-21T15:28:20.066-07:00 level=INFO msg="Auto-import complete"
time=2026-02-21T15:28:38.544-07:00 level=INFO msg="File change detected: %s" !BADKEY=/Users/cullenbottock/Documents/Projects/VeraScore/.beads/issues.jsonl
time=2026-02-21T15:28:39.579-07:00 level=INFO msg="Import triggered by file change"
time=2026-02-21T15:28:39.581-07:00 level=INFO msg="Starting %s..." !BADKEY=auto-import
time=2026-02-21T15:28:39.585-07:00 level=INFO msg="JSONL content changed, proceeding with %s..." !BADKEY=auto-import
time=2026-02-21T15:28:39.625-07:00 level=INFO msg="⚠️  WARNING: Uncommitted local changes detected in %s" !BADKEY=/Users/cullenbottock/Documents/Projects/VeraScore/.beads/issues.jsonl
time=2026-02-21T15:28:39.625-07:00 level=INFO msg="   Pulling from remote may overwrite local unpushed changes."
time=2026-02-21T15:28:39.625-07:00 level=INFO msg="   Consider running 'bd sync' to commit and push your changes first."
time=2026-02-21T15:28:40.231-07:00 level=INFO msg="Pulled from remote"
time=2026-02-21T15:28:40.237-07:00 level=INFO msg="Imported from JSONL"
time=2026-02-21T15:28:40.237-07:00 level=INFO msg="Auto-import complete"
time=2026-02-21T15:28:58.682-07:00 level=INFO msg="File change detected: %s" !BADKEY=/Users/cullenbottock/Documents/Projects/VeraScore/.beads/issues.jsonl
time=2026-02-21T15:28:59.714-07:00 level=INFO msg="Import triggered by file change"
time=2026-02-21T15:28:59.715-07:00 level=INFO msg="Starting %s..." !BADKEY=auto-import
time=2026-02-21T15:28:59.718-07:00 level=INFO msg="JSONL content changed, proceeding with %s..." !BADKEY=auto-import
time=2026-02-21T15:28:59.749-07:00 level=INFO msg="⚠️  WARNING: Uncommitted local changes detected in %s" !BADKEY=/Users/cullenbottock/Documents/Projects/VeraScore/.beads/issues.jsonl
time=2026-02-21T15:28:59.749-07:00 level=INFO msg="   Pulling from remote may overwrite local unpushed changes."
time=2026-02-21T15:28:59.749-07:00 level=INFO msg="   Consider running 'bd sync' to commit and push your changes first."
time=2026-02-21T15:29:00.361-07:00 level=INFO msg="Pulled from remote"
time=2026-02-21T15:29:00.365-07:00 level=INFO msg="Imported from JSONL"
time=2026-02-21T15:29:00.366-07:00 level=INFO msg="Auto-import complete"
time=2026-02-21T15:29:18.818-07:00 level=INFO msg="File change detected: %s" !BADKEY=/Users/cullenbottock/Documents/Projects/VeraScore/.beads/issues.jsonl
time=2026-02-21T15:29:19.848-07:00 level=INFO msg="Import triggered by file change"
time=2026-02-21T15:29:19.850-07:00 level=INFO msg="Starting %s..." !BADKEY=auto-import
time=2026-02-21T15:29:19.851-07:00 level=INFO msg="JSONL content changed, proceeding with %s..." !BADKEY=auto-import
time=2026-02-21T15:29:19.891-07:00 level=INFO msg="⚠️  WARNING: Uncommitted local changes detected in %s" !BADKEY=/Users/cullenbottock/Documents/Projects/VeraScore/.beads/issues.jsonl
time=2026-02-21T15:29:19.891-07:00 level=INFO msg="   Pulling from remote may overwrite local unpushed changes."
time=2026-02-21T15:29:19.891-07:00 level=INFO msg="   Consider running 'bd sync' to commit and push your changes first."
time=2026-02-21T15:29:20.483-07:00 level=INFO msg="Pulled from remote"
time=2026-02-21T15:29:20.487-07:00 level=INFO msg="Imported from JSONL"
time=2026-02-21T15:29:20.487-07:00 level=INFO msg="Auto-import complete"
time=2026-02-21T15:29:38.944-07:00 level=INFO msg="File change detected: %s" !BADKEY=/Users/cullenbottock/Documents/Projects/VeraScore/.beads/issues.jsonl
time=2026-02-21T15:29:39.972-07:00 level=INFO msg="Import triggered by file change"
time=2026-02-21T15:29:39.975-07:00 level=INFO msg="Starting %s..." !BADKEY=auto-import
time=2026-02-21T15:29:39.979-07:00 level=INFO msg="JSONL content changed, proceeding with %s..." !BADKEY=auto-import
time=2026-02-21T15:29:40.017-07:00 level=INFO msg="⚠️  WARNING: Uncommitted local changes detected in %s" !BADKEY=/Users/cullenbottock/Documents/Projects/VeraScore/.beads/issues.jsonl
time=2026-02-21T15:29:40.017-07:00 level=INFO msg="   Pulling from remote may overwrite local unpushed changes."
time=2026-02-21T15:29:40.017-07:00 level=INFO msg="   Consider running 'bd sync' to commit and push your changes first."
time=2026-02-21T15:29:40.602-07:00 level=INFO msg="Pulled from remote"
time=2026-02-21T15:29:40.606-07:00 level=INFO msg="Imported from JSONL"
time=2026-02-21T15:29:40.606-07:00 level=INFO msg="Auto-import complete"
time=2026-02-21T15:29:59.069-07:00 level=INFO msg="File change detected: %s" !BADKEY=/Users/cullenbottock/Documents/Projects/VeraScore/.beads/issues.jsonl
time=2026-02-21T15:30:00.097-07:00 level=INFO msg="Import triggered by file change"
time=2026-02-21T15:30:00.098-07:00 level=INFO msg="Starting %s..." !BADKEY=auto-import
time=2026-02-21T15:30:00.101-07:00 level=INFO msg="JSONL content changed, proceeding with %s..." !BADKEY=auto-import
time=2026-02-21T15:30:00.144-07:00 level=INFO msg="⚠️  WARNING: Uncommitted local changes detected in %s" !BADKEY=/Users/cullenbottock/Documents/Projects/VeraScore/.beads/issues.jsonl
time=2026-02-21T15:30:00.144-07:00 level=INFO msg="   Pulling from remote may overwrite local unpushed changes."
time=2026-02-21T15:30:00.144-07:00 level=INFO msg="   Consider running 'bd sync' to commit and push your changes first."
time=2026-02-21T15:30:00.767-07:00 level=INFO msg="Pulled from remote"
time=2026-02-21T15:30:00.770-07:00 level=INFO msg="Imported from JSONL"
time=2026-02-21T15:30:00.771-07:00 level=INFO msg="Auto-import complete"
time=2026-02-21T15:30:19.170-07:00 level=INFO msg="File change detected: %s" !BADKEY=/Users/cullenbottock/Documents/Projects/VeraScore/.beads/issues.jsonl
time=2026-02-21T15:30:20.202-07:00 level=INFO msg="Import triggered by file change"
time=2026-02-21T15:30:20.203-07:00 level=INFO msg="Starting %s..." !BADKEY=auto-import
time=2026-02-21T15:30:20.204-07:00 level=INFO msg="JSONL content changed, proceeding with %s..." !BADKEY=auto-import
time=2026-02-21T15:30:20.237-07:00 level=INFO msg="⚠️  WARNING: Uncommitted local changes detected in %s" !BADKEY=/Users/cullenbottock/Documents/Projects/VeraScore/.beads/issues.jsonl
time=2026-02-21T15:30:20.237-07:00 level=INFO msg="   Pulling from remote may overwrite local unpushed changes."
time=2026-02-21T15:30:20.237-07:00 level=INFO msg="   Consider running 'bd sync' to commit and push your changes first."
time=2026-02-21T15:30:20.767-07:00 level=INFO msg="Pulled from remote"
time=2026-02-21T15:30:20.771-07:00 level=INFO msg="Imported from JSONL"
time=2026-02-21T15:30:20.772-07:00 level=INFO msg="Auto-import complete"
time=2026-02-21T15:30:39.286-07:00 level=INFO msg="File change detected: %s" !BADKEY=/Users/cullenbottock/Documents/Projects/VeraScore/.beads/issues.jsonl
time=2026-02-21T15:30:40.313-07:00 level=INFO msg="Import triggered by file change"
time=2026-02-21T15:30:40.314-07:00 level=INFO msg="Starting %s..." !BADKEY=auto-import
time=2026-02-21T15:30:40.315-07:00 level=INFO msg="JSONL content changed, proceeding with %s..." !BADKEY=auto-import
time=2026-02-21T15:30:40.349-07:00 level=INFO msg="⚠️  WARNING: Uncommitted local changes detected in %s" !BADKEY=/Users/cullenbottock/Documents/Projects/VeraScore/.beads/issues.jsonl
time=2026-02-21T15:30:40.349-07:00 level=INFO msg="   Pulling from remote may overwrite local unpushed changes."
time=2026-02-21T15:30:40.349-07:00 level=INFO msg="   Consider running 'bd sync' to commit and push your changes first."
time=2026-02-21T15:30:40.901-07:00 level=INFO msg="Pulled from remote"
time=2026-02-21T15:30:40.904-07:00 level=INFO msg="Imported from JSONL"
time=2026-02-21T15:30:40.905-07:00 level=INFO msg="Auto-import complete"
time=2026-02-21T15:30:59.400-07:00 level=INFO msg="File change detected: %s" !BADKEY=/Users/cullenbottock/Documents/Projects/VeraScore/.beads/issues.jsonl
time=2026-02-21T15:31:00.430-07:00 level=INFO msg="Import triggered by file change"
time=2026-02-21T15:31:00.434-07:00 level=INFO msg="Starting %s..." !BADKEY=auto-import
time=2026-02-21T15:31:00.442-07:00 level=INFO msg="JSONL content changed, proceeding with %s..." !BADKEY=auto-import
time=2026-02-21T15:31:00.468-07:00 level=INFO msg="⚠️  WARNING: Uncommitted local changes detected in %s" !BADKEY=/Users/cullenbottock/Documents/Projects/VeraScore/.beads/issues.jsonl
time=2026-02-21T15:31:00.470-07:00 level=INFO msg="   Pulling from remote may overwrite local unpushed changes."
time=2026-02-21T15:31:00.470-07:00 level=INFO msg="   Consider running 'bd sync' to commit and push your changes first."
time=2026-02-21T15:31:01.133-07:00 level=INFO msg="Pulled from remote"
time=2026-02-21T15:31:01.145-07:00 level=INFO msg="Imported from JSONL"
time=2026-02-21T15:31:01.146-07:00 level=INFO msg="Auto-import complete"
time=2026-02-21T15:31:19.511-07:00 level=INFO msg="File change detected: %s" !BADKEY=/Users/cullenbottock/Documents/Projects/VeraScore/.beads/issues.jsonl
time=2026-02-21T15:31:20.544-07:00 level=INFO msg="Import triggered by file change"
time=2026-02-21T15:31:20.545-07:00 level=INFO msg="Starting %s..." !BADKEY=auto-import
time=2026-02-21T15:31:20.547-07:00 level=INFO msg="JSONL content changed, proceeding with %s..." !BADKEY=auto-import
time=2026-02-21T15:31:20.588-07:00 level=INFO msg="⚠️  WARNING: Uncommitted local changes detected in %s" !BADKEY=/Users/cullenbottock/Documents/Projects/VeraScore/.beads/issues.jsonl
time=2026-02-21T15:31:20.588-07:00 level=INFO msg="   Pulling from remote may overwrite local unpushed changes."
time=2026-02-21T15:31:20.588-07:00 level=INFO msg="   Consider running 'bd sync' to commit and push your changes first."
time=2026-02-21T15:31:21.179-07:00 level=INFO msg="Pulled from remote"
time=2026-02-21T15:31:21.183-07:00 level=INFO msg="Imported from JSONL"
time=2026-02-21T15:31:21.183-07:00 level=INFO msg="Auto-import complete"
time=2026-02-21T15:31:39.651-07:00 level=INFO msg="File change detected: %s" !BADKEY=/Users/cullenbottock/Documents/Projects/VeraScore/.beads/issues.jsonl
time=2026-02-21T15:31:40.681-07:00 level=INFO msg="Import triggered by file change"
time=2026-02-21T15:31:40.682-07:00 level=INFO msg="Starting %s..." !BADKEY=auto-import
time=2026-02-21T15:31:40.685-07:00 level=INFO msg="JSONL content changed, proceeding with %s..." !BADKEY=auto-import
time=2026-02-21T15:31:40.721-07:00 level=INFO msg="⚠️  WARNING: Uncommitted local changes detected in %s" !BADKEY=/Users/cullenbottock/Documents/Projects/VeraScore/.beads/issues.jsonl
time=2026-02-21T15:31:40.721-07:00 level=INFO msg="   Pulling from remote may overwrite local unpushed changes."
time=2026-02-21T15:31:40.721-07:00 level=INFO msg="   Consider running 'bd sync' to commit and push your changes first."
time=2026-02-21T15:31:41.321-07:00 level=INFO msg="Pulled from remote"
time=2026-02-21T15:31:41.325-07:00 level=INFO msg="Imported from JSONL"
time=2026-02-21T15:31:41.325-07:00 level=INFO msg="Auto-import complete"
time=2026-02-21T15:31:59.778-07:00 level=INFO msg="File change detected: %s" !BADKEY=/Users/cullenbottock/Documents/Projects/VeraScore/.beads/issues.jsonl
time=2026-02-21T15:32:00.805-07:00 level=INFO msg="Import triggered by file change"
time=2026-02-21T15:32:00.808-07:00 level=INFO msg="Starting %s..." !BADKEY=auto-import
time=2026-02-21T15:32:00.811-07:00 level=INFO msg="JSONL content changed, proceeding with %s..." !BADKEY=auto-import
time=2026-02-21T15:32:00.849-07:00 level=INFO msg="⚠️  WARNING: Uncommitted local changes detected in %s" !BADKEY=/Users/cullenbottock/Documents/Projects/VeraScore/.beads/issues.jsonl
time=2026-02-21T15:32:00.849-07:00 level=INFO msg="   Pulling from remote may overwrite local unpushed changes."
time=2026-02-21T15:32:00.849-07:00 level=INFO msg="   Consider running 'bd sync' to commit and push your changes first."
time=2026-02-21T15:32:01.489-07:00 level=INFO msg="Pulled from remote"
time=2026-02-21T15:32:01.492-07:00 level=INFO msg="Imported from JSONL"
time=2026-02-21T15:32:01.493-07:00 level=INFO msg="Auto-import complete"
time=2026-02-21T15:32:19.898-07:00 level=INFO msg="File change detected: %s" !BADKEY=/Users/cullenbottock/Documents/Projects/VeraScore/.beads/issues.jsonl
time=2026-02-21T15:32:20.925-07:00 level=INFO msg="Import triggered by file change"
time=2026-02-21T15:32:20.928-07:00 level=INFO msg="Starting %s..." !BADKEY=auto-import
time=2026-02-21T15:32:20.929-07:00 level=INFO msg="JSONL content changed, proceeding with %s..." !BADKEY=auto-import
time=2026-02-21T15:32:20.967-07:00 level=INFO msg="⚠️  WARNING: Uncommitted local changes detected in %s" !BADKEY=/Users/cullenbottock/Documents/Projects/VeraScore/.beads/issues.jsonl
time=2026-02-21T15:32:20.967-07:00 level=INFO msg="   Pulling from remote may overwrite local unpushed changes."
time=2026-02-21T15:32:20.967-07:00 level=INFO msg="   Consider running 'bd sync' to commit and push your changes first."
time=2026-02-21T15:32:21.559-07:00 level=INFO msg="Pulled from remote"
time=2026-02-21T15:32:21.562-07:00 level=INFO msg="Imported from JSONL"
time=2026-02-21T15:32:21.562-07:00 level=INFO msg="Auto-import complete"
time=2026-02-21T15:32:40.009-07:00 level=INFO msg="File change detected: %s" !BADKEY=/Users/cullenbottock/Documents/Projects/VeraScore/.beads/issues.jsonl
time=2026-02-21T15:32:41.036-07:00 level=INFO msg="Import triggered by file change"
time=2026-02-21T15:32:41.038-07:00 level=INFO msg="Starting %s..." !BADKEY=auto-import
time=2026-02-21T15:32:41.040-07:00 level=INFO msg="JSONL content changed, proceeding with %s..." !BADKEY=auto-import
time=2026-02-21T15:32:41.076-07:00 level=INFO msg="⚠️  WARNING: Uncommitted local changes detected in %s" !BADKEY=/Users/cullenbottock/Documents/Projects/VeraScore/.beads/issues.jsonl
time=2026-02-21T15:32:41.077-07:00 level=INFO msg="   Pulling from remote may overwrite local unpushed changes."
time=2026-02-21T15:32:41.077-07:00 level=INFO msg="   Consider running 'bd sync' to commit and push your changes first."
time=2026-02-21T15:32:41.668-07:00 level=INFO msg="Pulled from remote"
time=2026-02-21T15:32:41.671-07:00 level=INFO msg="Imported from JSONL"
time=2026-02-21T15:32:41.672-07:00 level=INFO msg="Auto-import complete"
time=2026-02-21T15:33:00.123-07:00 level=INFO msg="File change detected: %s" !BADKEY=/Users/cullenbottock/Documents/Projects/VeraScore/.beads/issues.jsonl
time=2026-02-21T15:33:01.152-07:00 level=INFO msg="Import triggered by file change"
time=2026-02-21T15:33:01.153-07:00 level=INFO msg="Starting %s..." !BADKEY=auto-import
time=2026-02-21T15:33:01.155-07:00 level=INFO msg="JSONL content changed, proceeding with %s..." !BADKEY=auto-import
time=2026-02-21T15:33:01.198-07:00 level=INFO msg="⚠️  WARNING: Uncommitted local changes detected in %s" !BADKEY=/Users/cullenbottock/Documents/Projects/VeraScore/.beads/issues.jsonl
time=2026-02-21T15:33:01.199-07:00 level=INFO msg="   Pulling from remote may overwrite local unpushed changes."
time=2026-02-21T15:33:01.199-07:00 level=INFO msg="   Consider running 'bd sync' to commit and push your changes first."
time=2026-02-21T15:33:01.734-07:00 level=INFO msg="Pulled from remote"
time=2026-02-21T15:33:01.737-07:00 level=INFO msg="Imported from JSONL"
time=2026-02-21T15:33:01.738-07:00 level=INFO msg="Auto-import complete"
time=2026-02-21T15:33:20.232-07:00 level=INFO msg="File change detected: %s" !BADKEY=/Users/cullenbottock/Documents/Projects/VeraScore/.beads/issues.jsonl
time=2026-02-21T15:33:21.260-07:00 level=INFO msg="Import triggered by file change"
time=2026-02-21T15:33:21.261-07:00 level=INFO msg="Starting %s..." !BADKEY=auto-import
time=2026-02-21T15:33:21.262-07:00 level=INFO msg="JSONL content changed, proceeding with %s..." !BADKEY=auto-import
time=2026-02-21T15:33:21.292-07:00 level=INFO msg="⚠️  WARNING: Uncommitted local changes detected in %s" !BADKEY=/Users/cullenbottock/Documents/Projects/VeraScore/.beads/issues.jsonl
time=2026-02-21T15:33:21.292-07:00 level=INFO msg="   Pulling from remote may overwrite local unpushed changes."
time=2026-02-21T15:33:21.292-07:00 level=INFO msg="   Consider running 'bd sync' to commit and push your changes first."
time=2026-02-21T15:33:21.838-07:00 level=INFO msg="Pulled from remote"
time=2026-02-21T15:33:21.840-07:00 level=INFO msg="Imported from JSONL"
time=2026-02-21T15:33:21.841-07:00 level=INFO msg="Auto-import complete"
time=2026-02-21T15:33:40.317-07:00 level=INFO msg="File change detected: %s" !BADKEY=/Users/cullenbottock/Documents/Projects/VeraScore/.beads/issues.jsonl
time=2026-02-21T15:33:41.345-07:00 level=INFO msg="Import triggered by file change"
time=2026-02-21T15:33:41.346-07:00 level=INFO msg="Starting %s..." !BADKEY=auto-import
time=2026-02-21T15:33:41.348-07:00 level=INFO msg="JSONL content changed, proceeding with %s..." !BADKEY=auto-import
time=2026-02-21T15:33:41.376-07:00 level=INFO msg="⚠️  WARNING: Uncommitted local changes detected in %s" !BADKEY=/Users/cullenbottock/Documents/Projects/VeraScore/.beads/issues.jsonl
time=2026-02-21T15:33:41.377-07:00 level=INFO msg="   Pulling from remote may overwrite local unpushed changes."
time=2026-02-21T15:33:41.377-07:00 level=INFO msg="   Consider running 'bd sync' to commit and push your changes first."
time=2026-02-21T15:33:41.995-07:00 level=INFO msg="Pulled from remote"
time=2026-02-21T15:33:41.999-07:00 level=INFO msg="Imported from JSONL"
time=2026-02-21T15:33:41.999-07:00 level=INFO msg="Auto-import complete"
time=2026-02-21T15:33:57.636-07:00 level=INFO msg="JSONL removed/renamed, re-establishing watch"
time=2026-02-21T15:33:57.687-07:00 level=INFO msg="Successfully re-established JSONL watch after %v" !BADKEY=50ms
time=2026-02-21T15:33:57.687-07:00 level=INFO msg="JSONL file created: %s" !BADKEY=/Users/cullenbottock/Documents/Projects/VeraScore/.beads/issues.jsonl
time=2026-02-21T15:33:57.721-07:00 level=INFO msg="Git ref change detected: %s" !BADKEY=/Users/cullenbottock/Documents/Projects/VeraScore/.git/refs/heads/main.lock
time=2026-02-21T15:33:57.733-07:00 level=INFO msg="File change detected: %s" !BADKEY=/Users/cullenbottock/Documents/Projects/VeraScore/.beads/issues.jsonl
time=2026-02-21T15:33:58.736-07:00 level=INFO msg="Import triggered by file change"
time=2026-02-21T15:33:58.737-07:00 level=INFO msg="Starting %s..." !BADKEY=auto-import
time=2026-02-21T15:33:58.757-07:00 level=INFO msg="Skipping %s: JSONL content unchanged" !BADKEY=auto-import
time=2026-02-21T15:34:28.435-07:00 level=INFO msg="Mutation detected: %s %s" status=VeraScore-z0r
time=2026-02-21T15:34:28.670-07:00 level=INFO msg="JSONL removed/renamed, re-establishing watch"
time=2026-02-21T15:34:28.721-07:00 level=INFO msg="Successfully re-established JSONL watch after %v" !BADKEY=50ms
time=2026-02-21T15:34:28.721-07:00 level=INFO msg="JSONL file created: %s" !BADKEY=/Users/cullenbottock/Documents/Projects/VeraScore/.beads/issues.jsonl
time=2026-02-21T15:34:28.937-07:00 level=INFO msg="Export triggered by mutation events"
time=2026-02-21T15:34:28.938-07:00 level=INFO msg="Starting %s..." !BADKEY=export
time=2026-02-21T15:34:28.939-07:00 level=INFO msg="Pre-export validation failed: %v" !BADKEY="refusing to export: JSONL content has changed since last import (import first to avoid data loss)"
time=2026-02-21T15:34:29.723-07:00 level=INFO msg="Import triggered by file change"
time=2026-02-21T15:34:29.724-07:00 level=INFO msg="Starting %s..." !BADKEY=auto-import
time=2026-02-21T15:34:29.729-07:00 level=INFO msg="JSONL content changed, proceeding with %s..." !BADKEY=auto-import
time=2026-02-21T15:34:29.767-07:00 level=INFO msg="⚠️  WARNING: Uncommitted local changes detected in %s" !BADKEY=/Users/cullenbottock/Documents/Projects/VeraScore/.beads/issues.jsonl
time=2026-02-21T15:34:29.767-07:00 level=INFO msg="   Pulling from remote may overwrite local unpushed changes."
time=2026-02-21T15:34:29.767-07:00 level=INFO msg="   Consider running 'bd sync' to commit and push your changes first."
time=2026-02-21T15:34:30.482-07:00 level=INFO msg="Pulled from remote"
time=2026-02-21T15:34:30.499-07:00 level=INFO msg="Imported from JSONL"
time=2026-02-21T15:34:30.796-07:00 level=INFO msg="Auto-import complete"
